<?xml version="1.0" encoding="UTF-8"?>
<!-- Generated by org.testng.reporters.JUnitXMLReporter -->
<testsuite ignored="4" hostname="DESKTOP-7HVNTQK" failures="0" tests="2" name="Test" time="102.761" errors="0" timestamp="2025-10-15T00:27:23 IST">
  <testcase classname="Campaign.Create_CampaignTest" name="Create_CampaignTest" time="30.874"/>
  <testcase classname="Product.Create_ProductTest" name="Create_ProductTest" time="46.041"/>
  <testcase classname="Generic_Utility.Base_Class" name="@BeforeSuite BS" time="0.0">
    <ignored/>
  </testcase> <!-- @BeforeSuite BS -->
  <testcase classname="Generic_Utility.Base_Class" name="@BeforeTest BT" time="0.0">
    <ignored/>
  </testcase> <!-- @BeforeTest BT -->
  <testcase classname="Generic_Utility.Base_Class" name="@AfterSuite AS" time="0.0">
    <ignored/>
  </testcase> <!-- @AfterSuite AS -->
  <testcase classname="Generic_Utility.Base_Class" name="@AfterTest AT" time="0.0">
    <ignored/>
  </testcase> <!-- @AfterTest AT -->
</testsuite> <!-- Test -->
