<?xml version="1.0" encoding="UTF-8"?>
<!-- Generated by org.testng.reporters.JUnitReportReporter -->
<testsuite hostname="DESKTOP-7HVNTQK" failures="0" tests="3" name="TestNG.SampleTest" time="0.059" errors="0" timestamp="2025-10-12T09:23:33 IST" skipped="0">
  <testcase classname="TestNG.SampleTest" name="createcontact" time="0.038"/>
  <testcase classname="TestNG.SampleTest" name="modifycontact" time="0.010"/>
  <testcase classname="TestNG.SampleTest" name="deletecontact" time="0.011"/>
</testsuite> <!-- TestNG.SampleTest -->
