<?xml version="1.0" encoding="UTF-8"?>
<!-- Generated by org.testng.reporters.JUnitReportReporter -->
<testsuite hostname="DESKTOP-7HVNTQK" failures="0" tests="1" name="Product.Create_Product_and_Delete_The_ProductTest" time="63.710" errors="0" timestamp="2025-10-15T10:45:02 IST" skipped="0">
  <testcase classname="Product.Create_Product_and_Delete_The_ProductTest" name="Create_Product_and_Delete_The_ProductTest" time="63.710"/>
</testsuite> <!-- Product.Create_Product_and_Delete_The_ProductTest -->
