<?xml version="1.0" encoding="UTF-8"?>
<!-- Generated by org.testng.reporters.JUnitReportReporter -->
<testsuite hostname="DESKTOP-7HVNTQK" failures="0" tests="3" name="Data_Provider.Data_Provider_Ex02" time="65.694" errors="0" timestamp="2025-10-10T11:13:54 IST" skipped="0">
  <testcase classname="Data_Provider.Data_Provider_Ex02" name="organization_module_Test" time="22.807"/>
  <testcase classname="Data_Provider.Data_Provider_Ex02" name="organization_module_Test" time="21.620"/>
  <testcase classname="Data_Provider.Data_Provider_Ex02" name="organization_module_Test" time="21.267"/>
</testsuite> <!-- Data_Provider.Data_Provider_Ex02 -->
