<?xml version="1.0" encoding="UTF-8"?>
<!-- Generated by org.testng.reporters.JUnitReportReporter -->
<testsuite hostname="DESKTOP-7HVNTQK" failures="0" tests="2" name="Data_Provider.Data_Provider_ex01" time="0.066" errors="0" timestamp="2025-10-10T10:29:44 IST" skipped="0">
  <testcase classname="Data_Provider.Data_Provider_ex01" name="bookTickets" time="0.013"/>
  <testcase classname="Data_Provider.Data_Provider_ex01" name="bookTickets" time="0.053"/>
</testsuite> <!-- Data_Provider.Data_Provider_ex01 -->
